#! /c/iverilog/bin/vvp
:ivl_version "0.9.7 " "(v0_9_7)";
:vpi_time_precision + 0;
:vpi_module "system";
:vpi_module "v2005_math";
:vpi_module "va_math";
S_011815D8 .scope module, "mux2to1p" "mux2to1p" 2 1;
 .timescale 0 0;
L_0118EE80 .functor NOT 1, C4<z>, C4<0>, C4<0>, C4<0>;
L_0118EEB8 .functor NAND 1, C4<z>, L_0118EE80, C4<1>, C4<1>;
L_0118EF28 .functor NAND 1, C4<z>, C4<z>, C4<1>, C4<1>;
L_0118EF98 .functor NAND 1, L_0118EEB8, L_0118EF28, C4<1>, C4<1>;
L_01184FD0 .functor BUFZ 1, L_0118EF98, C4<0>, C4<0>, C4<0>;
v01181660_0 .net "sel", 0 0, C4<z>; 0 drivers
v011847A8_0 .net "selnot", 0 0, L_0118EE80; 1 drivers
v01184800_0 .net "x", 0 0, C4<z>; 0 drivers
v01184858_0 .net "xnandsel", 0 0, L_0118EEB8; 1 drivers
v011848B0_0 .net "xynand", 0 0, L_0118EF98; 1 drivers
v0118ED78_0 .net "y", 0 0, C4<z>; 0 drivers
v0118EDD0_0 .net "ynandsel", 0 0, L_0118EF28; 1 drivers
v0118EE28_0 .net "z", 0 0, L_01184FD0; 1 drivers
# The file index is used to find the file name in the following table.
:file_names 3;
    "N/A";
    "<interactive>";
    "mux2to1p.v";
