#! /c/iverilog/bin/vvp
:ivl_version "0.9.7 " "(v0_9_7)";
:vpi_time_precision + 0;
:vpi_module "system";
:vpi_module "v2005_math";
:vpi_module "va_math";
S_0119D758 .scope module, "mux32to1str_tb" "mux32to1str_tb" 2 2;
 .timescale 0 0;
v011DC868_0 .var "a", 31 0;
v011DC8C0_0 .var "sel", 4 0;
v011DC918_0 .net "y", 0 0, v0115DD68_0; 1 drivers
S_0119D5C0 .scope module, "dut" "mux32to1str" 2 4, 3 1, S_0119D758;
 .timescale 0 0;
v011DBA70_0 .net "a", 31 0, v011DC868_0; 1 drivers
v011DBF40_0 .net "sel", 4 0, v011DC8C0_0; 1 drivers
v011DB860_0 .net "w0", 0 0, v011DBB78_0; 1 drivers
v011DBF98_0 .net "w1", 0 0, v011DB7B0_0; 1 drivers
v011DB8B8_0 .net "w10", 0 0, v011DAC78_0; 1 drivers
v011DB9C0_0 .net "w11", 0 0, v011DAB70_0; 1 drivers
v011DBFF0_0 .net "w12", 0 0, v011DA750_0; 1 drivers
v011DCB80_0 .net "w13", 0 0, v011DAC20_0; 1 drivers
v011DCAD0_0 .net "w14", 0 0, v011DB098_0; 1 drivers
v011DCB28_0 .net "w15", 0 0, v011DAA10_0; 1 drivers
v011DCA78_0 .net "w16", 0 0, v011DAD28_0; 1 drivers
v011DCC30_0 .net "w17", 0 0, v011DAE30_0; 1 drivers
v011DCE98_0 .net "w18", 0 0, v011DB1A0_0; 1 drivers
v011DD0A8_0 .net "w19", 0 0, v011DB568_0; 1 drivers
v011DCD90_0 .net "w2", 0 0, v011DBDE0_0; 1 drivers
v011DCC88_0 .net "w20", 0 0, v011DB148_0; 1 drivers
v011DC600_0 .net "w21", 0 0, v011DB460_0; 1 drivers
v011DCBD8_0 .net "w22", 0 0, v011D9F40_0; 1 drivers
v011DCFF8_0 .net "w23", 0 0, v011D9EE8_0; 1 drivers
v011DCCE0_0 .net "w24", 0 0, v011DA048_0; 1 drivers
v011DC7B8_0 .net "w25", 0 0, v011DA1A8_0; 1 drivers
v011DCD38_0 .net "w26", 0 0, v011D9FF0_0; 1 drivers
v011DCDE8_0 .net "w27", 0 0, v01191788_0; 1 drivers
v011DD050_0 .net "w28", 0 0, v01191628_0; 1 drivers
v011DCE40_0 .net "w29", 0 0, v01151598_0; 1 drivers
v011DCF48_0 .net "w3", 0 0, v011DBD88_0; 1 drivers
v011DCEF0_0 .net "w4", 0 0, v011DBCD8_0; 1 drivers
v011DCFA0_0 .net "w5", 0 0, v011DB6A8_0; 1 drivers
v011DC760_0 .net "w6", 0 0, v011DC0A0_0; 1 drivers
v011DC658_0 .net "w7", 0 0, v011DC150_0; 1 drivers
v011DC6B0_0 .net "w8", 0 0, v011DC0F8_0; 1 drivers
v011DC810_0 .net "w9", 0 0, v011DC410_0; 1 drivers
v011DC708_0 .alias "y", 0 0, v011DC918_0;
L_011DC970 .part v011DC8C0_0, 0, 1;
L_011DC9C8 .part v011DC868_0, 0, 1;
L_011DCA20 .part v011DC868_0, 1, 1;
L_011DD310 .part v011DC8C0_0, 0, 1;
L_011DD578 .part v011DC868_0, 2, 1;
L_011DD100 .part v011DC868_0, 3, 1;
L_011DD3C0 .part v011DC8C0_0, 0, 1;
L_011DD158 .part v011DC868_0, 4, 1;
L_011DD368 .part v011DC868_0, 5, 1;
L_011DD418 .part v011DC8C0_0, 0, 1;
L_011DD470 .part v011DC868_0, 6, 1;
L_011DD1B0 .part v011DC868_0, 7, 1;
L_011DD4C8 .part v011DC8C0_0, 0, 1;
L_011DD520 .part v011DC868_0, 8, 1;
L_011DD208 .part v011DC868_0, 9, 1;
L_011DD260 .part v011DC8C0_0, 0, 1;
L_011DD2B8 .part v011DC868_0, 10, 1;
L_011DDE68 .part v011DC868_0, 11, 1;
L_011DE7B0 .part v011DC8C0_0, 0, 1;
L_011DE498 .part v011DC868_0, 12, 1;
L_011DE230 .part v011DC868_0, 13, 1;
L_011DE5F8 .part v011DC8C0_0, 0, 1;
L_011DE338 .part v011DC868_0, 14, 1;
L_011DDEC0 .part v011DC868_0, 15, 1;
L_011DE390 .part v011DC8C0_0, 0, 1;
L_011DDF18 .part v011DC868_0, 16, 1;
L_011DE0D0 .part v011DC868_0, 17, 1;
L_011DE700 .part v011DC8C0_0, 0, 1;
L_011DE650 .part v011DC868_0, 18, 1;
L_011DE3E8 .part v011DC868_0, 19, 1;
L_011DE128 .part v011DC8C0_0, 0, 1;
L_011DE440 .part v011DC868_0, 20, 1;
L_011DE4F0 .part v011DC868_0, 21, 1;
L_011DE808 .part v011DC8C0_0, 0, 1;
L_011DE548 .part v011DC868_0, 22, 1;
L_011DE5A0 .part v011DC868_0, 23, 1;
L_011DE6A8 .part v011DC8C0_0, 0, 1;
L_011DE758 .part v011DC868_0, 24, 1;
L_011DE180 .part v011DC868_0, 25, 1;
L_011DDF70 .part v011DC8C0_0, 0, 1;
L_011DE8B8 .part v011DC868_0, 26, 1;
L_011DE860 .part v011DC868_0, 27, 1;
L_011DE288 .part v011DC8C0_0, 0, 1;
L_011DDE10 .part v011DC868_0, 28, 1;
L_011DE1D8 .part v011DC868_0, 29, 1;
L_011DDFC8 .part v011DC8C0_0, 0, 1;
L_011DE020 .part v011DC868_0, 30, 1;
L_011DE078 .part v011DC868_0, 31, 1;
L_011DE2E0 .part v011DC8C0_0, 1, 1;
L_011DEA18 .part v011DC8C0_0, 1, 1;
L_011DEC80 .part v011DC8C0_0, 1, 1;
L_011DE968 .part v011DC8C0_0, 1, 1;
L_011DEAC8 .part v011DC8C0_0, 1, 1;
L_011DED30 .part v011DC8C0_0, 1, 1;
L_011DE9C0 .part v011DC8C0_0, 1, 1;
L_011DEA70 .part v011DC8C0_0, 1, 1;
L_011DEB20 .part v011DC8C0_0, 2, 1;
L_011DE910 .part v011DC8C0_0, 2, 1;
L_011DED88 .part v011DC8C0_0, 2, 1;
L_011DEB78 .part v011DC8C0_0, 2, 1;
L_011DECD8 .part v011DC8C0_0, 3, 1;
L_011DEC28 .part v011DC8C0_0, 3, 1;
L_011DEBD0 .part v011DC8C0_0, 4, 1;
S_0119CC30 .scope module, "u_mux0" "mux2to1" 3 4, 3 45, S_0119D5C0;
 .timescale 0 0;
v011DB968_0 .net "a", 0 0, L_011DC9C8; 1 drivers
v011DBEE8_0 .net "b", 0 0, L_011DCA20; 1 drivers
v011DB808_0 .net "sel", 0 0, L_011DC970; 1 drivers
v011DBB78_0 .var "y", 0 0;
E_011A3CE0 .event edge, v011DB808_0, v011DB968_0, v011DBEE8_0;
S_0119CBA8 .scope module, "u_mux1" "mux2to1" 3 5, 3 45, S_0119D5C0;
 .timescale 0 0;
v011DC048_0 .net "a", 0 0, L_011DD578; 1 drivers
v011DBE38_0 .net "b", 0 0, L_011DD100; 1 drivers
v011DBE90_0 .net "sel", 0 0, L_011DD310; 1 drivers
v011DB7B0_0 .var "y", 0 0;
E_011A3D20 .event edge, v011DBE90_0, v011DC048_0, v011DBE38_0;
S_0119C328 .scope module, "u_mux2" "mux2to1" 3 6, 3 45, S_0119D5C0;
 .timescale 0 0;
v011DB700_0 .net "a", 0 0, L_011DD158; 1 drivers
v011DB758_0 .net "b", 0 0, L_011DD368; 1 drivers
v011DBAC8_0 .net "sel", 0 0, L_011DD3C0; 1 drivers
v011DBDE0_0 .var "y", 0 0;
E_011A3CC0 .event edge, v011DBAC8_0, v011DB700_0, v011DB758_0;
S_0119CA10 .scope module, "u_mux3" "mux2to1" 3 7, 3 45, S_0119D5C0;
 .timescale 0 0;
v011DBA18_0 .net "a", 0 0, L_011DD470; 1 drivers
v011DBD30_0 .net "b", 0 0, L_011DD1B0; 1 drivers
v011DBBD0_0 .net "sel", 0 0, L_011DD418; 1 drivers
v011DBD88_0 .var "y", 0 0;
E_011A3BC0 .event edge, v011DBBD0_0, v011DBA18_0, v011DBD30_0;
S_0119BFF8 .scope module, "u_mux4" "mux2to1" 3 8, 3 45, S_0119D5C0;
 .timescale 0 0;
v011DBC80_0 .net "a", 0 0, L_011DD520; 1 drivers
v011DB650_0 .net "b", 0 0, L_011DD208; 1 drivers
v011DB5F8_0 .net "sel", 0 0, L_011DD4C8; 1 drivers
v011DBCD8_0 .var "y", 0 0;
E_011A3DC0 .event edge, v011DB5F8_0, v011DBC80_0, v011DB650_0;
S_0119C988 .scope module, "u_mux5" "mux2to1" 3 9, 3 45, S_0119D5C0;
 .timescale 0 0;
v011DBC28_0 .net "a", 0 0, L_011DD2B8; 1 drivers
v011DBB20_0 .net "b", 0 0, L_011DDE68; 1 drivers
v011DB910_0 .net "sel", 0 0, L_011DD260; 1 drivers
v011DB6A8_0 .var "y", 0 0;
E_011A3B00 .event edge, v011DB910_0, v011DBC28_0, v011DBB20_0;
S_0119C900 .scope module, "u_mux6" "mux2to1" 3 10, 3 45, S_0119D5C0;
 .timescale 0 0;
v011DC518_0 .net "a", 0 0, L_011DE498; 1 drivers
v011DC360_0 .net "b", 0 0, L_011DE230; 1 drivers
v011DC1A8_0 .net "sel", 0 0, L_011DE7B0; 1 drivers
v011DC0A0_0 .var "y", 0 0;
E_011A36A0 .event edge, v011DC1A8_0, v011DC518_0, v011DC360_0;
S_0119C878 .scope module, "u_mux7" "mux2to1" 3 11, 3 45, S_0119D5C0;
 .timescale 0 0;
v011DC468_0 .net "a", 0 0, L_011DE338; 1 drivers
v011DC3B8_0 .net "b", 0 0, L_011DDEC0; 1 drivers
v011DC4C0_0 .net "sel", 0 0, L_011DE5F8; 1 drivers
v011DC150_0 .var "y", 0 0;
E_011A3920 .event edge, v011DC4C0_0, v011DC468_0, v011DC3B8_0;
S_0119BEE8 .scope module, "u_mux8" "mux2to1" 3 12, 3 45, S_0119D5C0;
 .timescale 0 0;
v011DC308_0 .net "a", 0 0, L_011DDF18; 1 drivers
v011DC258_0 .net "b", 0 0, L_011DE0D0; 1 drivers
v011DC200_0 .net "sel", 0 0, L_011DE390; 1 drivers
v011DC0F8_0 .var "y", 0 0;
E_011A3680 .event edge, v011DC200_0, v011DC308_0, v011DC258_0;
S_0119C7F0 .scope module, "u_mux9" "mux2to1" 3 13, 3 45, S_0119D5C0;
 .timescale 0 0;
v011DB040_0 .net "a", 0 0, L_011DE650; 1 drivers
v011DC570_0 .net "b", 0 0, L_011DE3E8; 1 drivers
v011DC2B0_0 .net "sel", 0 0, L_011DE700; 1 drivers
v011DC410_0 .var "y", 0 0;
E_011A3640 .event edge, v011DC2B0_0, v011DB040_0, v011DC570_0;
S_0119C768 .scope module, "u_mux10" "mux2to1" 3 14, 3 45, S_0119D5C0;
 .timescale 0 0;
v011DAF38_0 .net "a", 0 0, L_011DE440; 1 drivers
v011DAFE8_0 .net "b", 0 0, L_011DE4F0; 1 drivers
v011DABC8_0 .net "sel", 0 0, L_011DE128; 1 drivers
v011DAC78_0 .var "y", 0 0;
E_011A3620 .event edge, v011DABC8_0, v011DAF38_0, v011DAFE8_0;
S_0119CB20 .scope module, "u_mux11" "mux2to1" 3 15, 3 45, S_0119D5C0;
 .timescale 0 0;
v011DA9B8_0 .net "a", 0 0, L_011DE548; 1 drivers
v011DAAC0_0 .net "b", 0 0, L_011DE5A0; 1 drivers
v011DAB18_0 .net "sel", 0 0, L_011DE808; 1 drivers
v011DAB70_0 .var "y", 0 0;
E_011A3760 .event edge, v011DAB18_0, v011DA9B8_0, v011DAAC0_0;
S_0119BD50 .scope module, "u_mux12" "mux2to1" 3 16, 3 45, S_0119D5C0;
 .timescale 0 0;
v011DA6F8_0 .net "a", 0 0, L_011DE758; 1 drivers
v011DAEE0_0 .net "b", 0 0, L_011DE180; 1 drivers
v011DAA68_0 .net "sel", 0 0, L_011DE6A8; 1 drivers
v011DA750_0 .var "y", 0 0;
E_011A35E0 .event edge, v011DAA68_0, v011DA6F8_0, v011DAEE0_0;
S_0119C2A0 .scope module, "u_mux13" "mux2to1" 3 17, 3 45, S_0119D5C0;
 .timescale 0 0;
v011DAF90_0 .net "a", 0 0, L_011DE8B8; 1 drivers
v011DAE88_0 .net "b", 0 0, L_011DE860; 1 drivers
v011DA960_0 .net "sel", 0 0, L_011DDF70; 1 drivers
v011DAC20_0 .var "y", 0 0;
E_011A3860 .event edge, v011DA960_0, v011DAF90_0, v011DAE88_0;
S_0119C6E0 .scope module, "u_mux14" "mux2to1" 3 18, 3 45, S_0119D5C0;
 .timescale 0 0;
v011DA6A0_0 .net "a", 0 0, L_011DDE10; 1 drivers
v011DAD80_0 .net "b", 0 0, L_011DE1D8; 1 drivers
v011DADD8_0 .net "sel", 0 0, L_011DE288; 1 drivers
v011DB098_0 .var "y", 0 0;
E_011A3720 .event edge, v011DADD8_0, v011DA6A0_0, v011DAD80_0;
S_0119D0F8 .scope module, "u_mux15" "mux2to1" 3 19, 3 45, S_0119D5C0;
 .timescale 0 0;
v011DACD0_0 .net "a", 0 0, L_011DE020; 1 drivers
v011DA8B0_0 .net "b", 0 0, L_011DE078; 1 drivers
v011DA908_0 .net "sel", 0 0, L_011DDFC8; 1 drivers
v011DAA10_0 .var "y", 0 0;
E_011A3700 .event edge, v011DA908_0, v011DACD0_0, v011DA8B0_0;
S_0119D208 .scope module, "u_mux16" "mux2to1" 3 22, 3 45, S_0119D5C0;
 .timescale 0 0;
v011DA858_0 .alias "a", 0 0, v011DB860_0;
v011DA648_0 .alias "b", 0 0, v011DBF98_0;
v011DA800_0 .net "sel", 0 0, L_011DE2E0; 1 drivers
v011DAD28_0 .var "y", 0 0;
E_011A3880 .event edge, v011DA800_0, v011DA858_0, v011DA648_0;
S_0119D3A0 .scope module, "u_mux17" "mux2to1" 3 23, 3 45, S_0119D5C0;
 .timescale 0 0;
v011DB1F8_0 .alias "a", 0 0, v011DCD90_0;
v011DA7A8_0 .alias "b", 0 0, v011DCF48_0;
v011DA5F0_0 .net "sel", 0 0, L_011DEA18; 1 drivers
v011DAE30_0 .var "y", 0 0;
E_011A3960 .event edge, v011DA5F0_0, v011DB1F8_0, v011DA7A8_0;
S_0119D318 .scope module, "u_mux18" "mux2to1" 3 24, 3 45, S_0119D5C0;
 .timescale 0 0;
v011DB300_0 .alias "a", 0 0, v011DCEF0_0;
v011DB3B0_0 .alias "b", 0 0, v011DCFA0_0;
v011DB0F0_0 .net "sel", 0 0, L_011DEC80; 1 drivers
v011DB1A0_0 .var "y", 0 0;
E_011A36C0 .event edge, v011DB0F0_0, v011DB300_0, v011DB3B0_0;
S_0119CF60 .scope module, "u_mux19" "mux2to1" 3 25, 3 45, S_0119D5C0;
 .timescale 0 0;
v011DB510_0 .alias "a", 0 0, v011DC760_0;
v011DB2A8_0 .alias "b", 0 0, v011DC658_0;
v011DB358_0 .net "sel", 0 0, L_011DE968; 1 drivers
v011DB568_0 .var "y", 0 0;
E_011A3980 .event edge, v011DB358_0, v011DB510_0, v011DB2A8_0;
S_0119DB10 .scope module, "u_mux20" "mux2to1" 3 26, 3 45, S_0119D5C0;
 .timescale 0 0;
v011DB250_0 .alias "a", 0 0, v011DC6B0_0;
v011DB4B8_0 .alias "b", 0 0, v011DC810_0;
v011DB408_0 .net "sel", 0 0, L_011DEAC8; 1 drivers
v011DB148_0 .var "y", 0 0;
E_011A38E0 .event edge, v011DB408_0, v011DB250_0, v011DB4B8_0;
S_0119D868 .scope module, "u_mux21" "mux2to1" 3 27, 3 45, S_0119D5C0;
 .timescale 0 0;
v011DA308_0 .alias "a", 0 0, v011DB8B8_0;
v011D9F98_0 .alias "b", 0 0, v011DB9C0_0;
v011D9E38_0 .net "sel", 0 0, L_011DED30; 1 drivers
v011DB460_0 .var "y", 0 0;
E_011A3780 .event edge, v011D9E38_0, v011DA308_0, v011D9F98_0;
S_0119DA00 .scope module, "u_mux22" "mux2to1" 3 28, 3 45, S_0119D5C0;
 .timescale 0 0;
v011D9DE0_0 .alias "a", 0 0, v011DBFF0_0;
v011DA2B0_0 .alias "b", 0 0, v011DCB80_0;
v011DA410_0 .net "sel", 0 0, L_011DE9C0; 1 drivers
v011D9F40_0 .var "y", 0 0;
E_011A3340 .event edge, v011DA410_0, v011D9DE0_0, v011DA2B0_0;
S_0119CE50 .scope module, "u_mux23" "mux2to1" 3 29, 3 45, S_0119D5C0;
 .timescale 0 0;
v011DA0F8_0 .alias "a", 0 0, v011DCAD0_0;
v011DA518_0 .alias "b", 0 0, v011DCB28_0;
v011DA3B8_0 .net "sel", 0 0, L_011DEA70; 1 drivers
v011D9EE8_0 .var "y", 0 0;
E_011A3240 .event edge, v011DA3B8_0, v011DA0F8_0, v011DA518_0;
S_0119D8F0 .scope module, "u_mux24" "mux2to1" 3 32, 3 45, S_0119D5C0;
 .timescale 0 0;
v011DA468_0 .alias "a", 0 0, v011DCA78_0;
v011DA0A0_0 .alias "b", 0 0, v011DCC30_0;
v011DA200_0 .net "sel", 0 0, L_011DEB20; 1 drivers
v011DA048_0 .var "y", 0 0;
E_011A3460 .event edge, v011DA200_0, v011DA468_0, v011DA0A0_0;
S_0119D290 .scope module, "u_mux25" "mux2to1" 3 33, 3 45, S_0119D5C0;
 .timescale 0 0;
v011DA258_0 .alias "a", 0 0, v011DCE98_0;
v011D9E90_0 .alias "b", 0 0, v011DD0A8_0;
v011DA4C0_0 .net "sel", 0 0, L_011DE910; 1 drivers
v011DA1A8_0 .var "y", 0 0;
E_011A32C0 .event edge, v011DA4C0_0, v011DA258_0, v011D9E90_0;
S_0119D070 .scope module, "u_mux26" "mux2to1" 3 34, 3 45, S_0119D5C0;
 .timescale 0 0;
v011917E0_0 .alias "a", 0 0, v011DCC88_0;
v011DA360_0 .alias "b", 0 0, v011DC600_0;
v011DA150_0 .net "sel", 0 0, L_011DED88; 1 drivers
v011D9FF0_0 .var "y", 0 0;
E_011A33A0 .event edge, v011DA150_0, v011917E0_0, v011DA360_0;
S_0119CDC8 .scope module, "u_mux27" "mux2to1" 3 35, 3 45, S_0119D5C0;
 .timescale 0 0;
v01191680_0 .alias "a", 0 0, v011DCBD8_0;
v011916D8_0 .alias "b", 0 0, v011DCFF8_0;
v01191730_0 .net "sel", 0 0, L_011DEB78; 1 drivers
v01191788_0 .var "y", 0 0;
E_011A3480 .event edge, v01191730_0, v01191680_0, v011916D8_0;
S_0119D978 .scope module, "u_mux28" "mux2to1" 3 38, 3 45, S_0119D5C0;
 .timescale 0 0;
v011515F0_0 .alias "a", 0 0, v011DCCE0_0;
v01151648_0 .alias "b", 0 0, v011DC7B8_0;
v011915D0_0 .net "sel", 0 0, L_011DECD8; 1 drivers
v01191628_0 .var "y", 0 0;
E_011A3420 .event edge, v011915D0_0, v011515F0_0, v01151648_0;
S_0119D648 .scope module, "u_mux29" "mux2to1" 3 39, 3 45, S_0119D5C0;
 .timescale 0 0;
v0115DDC0_0 .alias "a", 0 0, v011DCD38_0;
v0115DE18_0 .alias "b", 0 0, v011DCDE8_0;
v01151540_0 .net "sel", 0 0, L_011DEC28; 1 drivers
v01151598_0 .var "y", 0 0;
E_011A35C0 .event edge, v01151540_0, v0115DDC0_0, v0115DE18_0;
S_0119CED8 .scope module, "u_mux30" "mux2to1" 3 42, 3 45, S_0119D5C0;
 .timescale 0 0;
v0115ED48_0 .alias "a", 0 0, v011DD050_0;
v0115EDA0_0 .alias "b", 0 0, v011DCE40_0;
v0115EDF8_0 .net "sel", 0 0, L_011DEBD0; 1 drivers
v0115DD68_0 .var "y", 0 0;
E_011A3380 .event edge, v0115EDF8_0, v0115ED48_0, v0115EDA0_0;
    .scope S_0119CC30;
T_0 ;
    %wait E_011A3CE0;
    %load/v 8, v011DB808_0, 1;
    %mov 9, 0, 1;
    %cmpi/u 8, 0, 2;
    %jmp/0xz  T_0.0, 4;
    %load/v 8, v011DB968_0, 1;
    %set/v v011DBB78_0, 8, 1;
    %jmp T_0.1;
T_0.0 ;
    %load/v 8, v011DBEE8_0, 1;
    %set/v v011DBB78_0, 8, 1;
T_0.1 ;
    %jmp T_0;
    .thread T_0, $push;
    .scope S_0119CBA8;
T_1 ;
    %wait E_011A3D20;
    %load/v 8, v011DBE90_0, 1;
    %mov 9, 0, 1;
    %cmpi/u 8, 0, 2;
    %jmp/0xz  T_1.0, 4;
    %load/v 8, v011DC048_0, 1;
    %set/v v011DB7B0_0, 8, 1;
    %jmp T_1.1;
T_1.0 ;
    %load/v 8, v011DBE38_0, 1;
    %set/v v011DB7B0_0, 8, 1;
T_1.1 ;
    %jmp T_1;
    .thread T_1, $push;
    .scope S_0119C328;
T_2 ;
    %wait E_011A3CC0;
    %load/v 8, v011DBAC8_0, 1;
    %mov 9, 0, 1;
    %cmpi/u 8, 0, 2;
    %jmp/0xz  T_2.0, 4;
    %load/v 8, v011DB700_0, 1;
    %set/v v011DBDE0_0, 8, 1;
    %jmp T_2.1;
T_2.0 ;
    %load/v 8, v011DB758_0, 1;
    %set/v v011DBDE0_0, 8, 1;
T_2.1 ;
    %jmp T_2;
    .thread T_2, $push;
    .scope S_0119CA10;
T_3 ;
    %wait E_011A3BC0;
    %load/v 8, v011DBBD0_0, 1;
    %mov 9, 0, 1;
    %cmpi/u 8, 0, 2;
    %jmp/0xz  T_3.0, 4;
    %load/v 8, v011DBA18_0, 1;
    %set/v v011DBD88_0, 8, 1;
    %jmp T_3.1;
T_3.0 ;
    %load/v 8, v011DBD30_0, 1;
    %set/v v011DBD88_0, 8, 1;
T_3.1 ;
    %jmp T_3;
    .thread T_3, $push;
    .scope S_0119BFF8;
T_4 ;
    %wait E_011A3DC0;
    %load/v 8, v011DB5F8_0, 1;
    %mov 9, 0, 1;
    %cmpi/u 8, 0, 2;
    %jmp/0xz  T_4.0, 4;
    %load/v 8, v011DBC80_0, 1;
    %set/v v011DBCD8_0, 8, 1;
    %jmp T_4.1;
T_4.0 ;
    %load/v 8, v011DB650_0, 1;
    %set/v v011DBCD8_0, 8, 1;
T_4.1 ;
    %jmp T_4;
    .thread T_4, $push;
    .scope S_0119C988;
T_5 ;
    %wait E_011A3B00;
    %load/v 8, v011DB910_0, 1;
    %mov 9, 0, 1;
    %cmpi/u 8, 0, 2;
    %jmp/0xz  T_5.0, 4;
    %load/v 8, v011DBC28_0, 1;
    %set/v v011DB6A8_0, 8, 1;
    %jmp T_5.1;
T_5.0 ;
    %load/v 8, v011DBB20_0, 1;
    %set/v v011DB6A8_0, 8, 1;
T_5.1 ;
    %jmp T_5;
    .thread T_5, $push;
    .scope S_0119C900;
T_6 ;
    %wait E_011A36A0;
    %load/v 8, v011DC1A8_0, 1;
    %mov 9, 0, 1;
    %cmpi/u 8, 0, 2;
    %jmp/0xz  T_6.0, 4;
    %load/v 8, v011DC518_0, 1;
    %set/v v011DC0A0_0, 8, 1;
    %jmp T_6.1;
T_6.0 ;
    %load/v 8, v011DC360_0, 1;
    %set/v v011DC0A0_0, 8, 1;
T_6.1 ;
    %jmp T_6;
    .thread T_6, $push;
    .scope S_0119C878;
T_7 ;
    %wait E_011A3920;
    %load/v 8, v011DC4C0_0, 1;
    %mov 9, 0, 1;
    %cmpi/u 8, 0, 2;
    %jmp/0xz  T_7.0, 4;
    %load/v 8, v011DC468_0, 1;
    %set/v v011DC150_0, 8, 1;
    %jmp T_7.1;
T_7.0 ;
    %load/v 8, v011DC3B8_0, 1;
    %set/v v011DC150_0, 8, 1;
T_7.1 ;
    %jmp T_7;
    .thread T_7, $push;
    .scope S_0119BEE8;
T_8 ;
    %wait E_011A3680;
    %load/v 8, v011DC200_0, 1;
    %mov 9, 0, 1;
    %cmpi/u 8, 0, 2;
    %jmp/0xz  T_8.0, 4;
    %load/v 8, v011DC308_0, 1;
    %set/v v011DC0F8_0, 8, 1;
    %jmp T_8.1;
T_8.0 ;
    %load/v 8, v011DC258_0, 1;
    %set/v v011DC0F8_0, 8, 1;
T_8.1 ;
    %jmp T_8;
    .thread T_8, $push;
    .scope S_0119C7F0;
T_9 ;
    %wait E_011A3640;
    %load/v 8, v011DC2B0_0, 1;
    %mov 9, 0, 1;
    %cmpi/u 8, 0, 2;
    %jmp/0xz  T_9.0, 4;
    %load/v 8, v011DB040_0, 1;
    %set/v v011DC410_0, 8, 1;
    %jmp T_9.1;
T_9.0 ;
    %load/v 8, v011DC570_0, 1;
    %set/v v011DC410_0, 8, 1;
T_9.1 ;
    %jmp T_9;
    .thread T_9, $push;
    .scope S_0119C768;
T_10 ;
    %wait E_011A3620;
    %load/v 8, v011DABC8_0, 1;
    %mov 9, 0, 1;
    %cmpi/u 8, 0, 2;
    %jmp/0xz  T_10.0, 4;
    %load/v 8, v011DAF38_0, 1;
    %set/v v011DAC78_0, 8, 1;
    %jmp T_10.1;
T_10.0 ;
    %load/v 8, v011DAFE8_0, 1;
    %set/v v011DAC78_0, 8, 1;
T_10.1 ;
    %jmp T_10;
    .thread T_10, $push;
    .scope S_0119CB20;
T_11 ;
    %wait E_011A3760;
    %load/v 8, v011DAB18_0, 1;
    %mov 9, 0, 1;
    %cmpi/u 8, 0, 2;
    %jmp/0xz  T_11.0, 4;
    %load/v 8, v011DA9B8_0, 1;
    %set/v v011DAB70_0, 8, 1;
    %jmp T_11.1;
T_11.0 ;
    %load/v 8, v011DAAC0_0, 1;
    %set/v v011DAB70_0, 8, 1;
T_11.1 ;
    %jmp T_11;
    .thread T_11, $push;
    .scope S_0119BD50;
T_12 ;
    %wait E_011A35E0;
    %load/v 8, v011DAA68_0, 1;
    %mov 9, 0, 1;
    %cmpi/u 8, 0, 2;
    %jmp/0xz  T_12.0, 4;
    %load/v 8, v011DA6F8_0, 1;
    %set/v v011DA750_0, 8, 1;
    %jmp T_12.1;
T_12.0 ;
    %load/v 8, v011DAEE0_0, 1;
    %set/v v011DA750_0, 8, 1;
T_12.1 ;
    %jmp T_12;
    .thread T_12, $push;
    .scope S_0119C2A0;
T_13 ;
    %wait E_011A3860;
    %load/v 8, v011DA960_0, 1;
    %mov 9, 0, 1;
    %cmpi/u 8, 0, 2;
    %jmp/0xz  T_13.0, 4;
    %load/v 8, v011DAF90_0, 1;
    %set/v v011DAC20_0, 8, 1;
    %jmp T_13.1;
T_13.0 ;
    %load/v 8, v011DAE88_0, 1;
    %set/v v011DAC20_0, 8, 1;
T_13.1 ;
    %jmp T_13;
    .thread T_13, $push;
    .scope S_0119C6E0;
T_14 ;
    %wait E_011A3720;
    %load/v 8, v011DADD8_0, 1;
    %mov 9, 0, 1;
    %cmpi/u 8, 0, 2;
    %jmp/0xz  T_14.0, 4;
    %load/v 8, v011DA6A0_0, 1;
    %set/v v011DB098_0, 8, 1;
    %jmp T_14.1;
T_14.0 ;
    %load/v 8, v011DAD80_0, 1;
    %set/v v011DB098_0, 8, 1;
T_14.1 ;
    %jmp T_14;
    .thread T_14, $push;
    .scope S_0119D0F8;
T_15 ;
    %wait E_011A3700;
    %load/v 8, v011DA908_0, 1;
    %mov 9, 0, 1;
    %cmpi/u 8, 0, 2;
    %jmp/0xz  T_15.0, 4;
    %load/v 8, v011DACD0_0, 1;
    %set/v v011DAA10_0, 8, 1;
    %jmp T_15.1;
T_15.0 ;
    %load/v 8, v011DA8B0_0, 1;
    %set/v v011DAA10_0, 8, 1;
T_15.1 ;
    %jmp T_15;
    .thread T_15, $push;
    .scope S_0119D208;
T_16 ;
    %wait E_011A3880;
    %load/v 8, v011DA800_0, 1;
    %mov 9, 0, 1;
    %cmpi/u 8, 0, 2;
    %jmp/0xz  T_16.0, 4;
    %load/v 8, v011DA858_0, 1;
    %set/v v011DAD28_0, 8, 1;
    %jmp T_16.1;
T_16.0 ;
    %load/v 8, v011DA648_0, 1;
    %set/v v011DAD28_0, 8, 1;
T_16.1 ;
    %jmp T_16;
    .thread T_16, $push;
    .scope S_0119D3A0;
T_17 ;
    %wait E_011A3960;
    %load/v 8, v011DA5F0_0, 1;
    %mov 9, 0, 1;
    %cmpi/u 8, 0, 2;
    %jmp/0xz  T_17.0, 4;
    %load/v 8, v011DB1F8_0, 1;
    %set/v v011DAE30_0, 8, 1;
    %jmp T_17.1;
T_17.0 ;
    %load/v 8, v011DA7A8_0, 1;
    %set/v v011DAE30_0, 8, 1;
T_17.1 ;
    %jmp T_17;
    .thread T_17, $push;
    .scope S_0119D318;
T_18 ;
    %wait E_011A36C0;
    %load/v 8, v011DB0F0_0, 1;
    %mov 9, 0, 1;
    %cmpi/u 8, 0, 2;
    %jmp/0xz  T_18.0, 4;
    %load/v 8, v011DB300_0, 1;
    %set/v v011DB1A0_0, 8, 1;
    %jmp T_18.1;
T_18.0 ;
    %load/v 8, v011DB3B0_0, 1;
    %set/v v011DB1A0_0, 8, 1;
T_18.1 ;
    %jmp T_18;
    .thread T_18, $push;
    .scope S_0119CF60;
T_19 ;
    %wait E_011A3980;
    %load/v 8, v011DB358_0, 1;
    %mov 9, 0, 1;
    %cmpi/u 8, 0, 2;
    %jmp/0xz  T_19.0, 4;
    %load/v 8, v011DB510_0, 1;
    %set/v v011DB568_0, 8, 1;
    %jmp T_19.1;
T_19.0 ;
    %load/v 8, v011DB2A8_0, 1;
    %set/v v011DB568_0, 8, 1;
T_19.1 ;
    %jmp T_19;
    .thread T_19, $push;
    .scope S_0119DB10;
T_20 ;
    %wait E_011A38E0;
    %load/v 8, v011DB408_0, 1;
    %mov 9, 0, 1;
    %cmpi/u 8, 0, 2;
    %jmp/0xz  T_20.0, 4;
    %load/v 8, v011DB250_0, 1;
    %set/v v011DB148_0, 8, 1;
    %jmp T_20.1;
T_20.0 ;
    %load/v 8, v011DB4B8_0, 1;
    %set/v v011DB148_0, 8, 1;
T_20.1 ;
    %jmp T_20;
    .thread T_20, $push;
    .scope S_0119D868;
T_21 ;
    %wait E_011A3780;
    %load/v 8, v011D9E38_0, 1;
    %mov 9, 0, 1;
    %cmpi/u 8, 0, 2;
    %jmp/0xz  T_21.0, 4;
    %load/v 8, v011DA308_0, 1;
    %set/v v011DB460_0, 8, 1;
    %jmp T_21.1;
T_21.0 ;
    %load/v 8, v011D9F98_0, 1;
    %set/v v011DB460_0, 8, 1;
T_21.1 ;
    %jmp T_21;
    .thread T_21, $push;
    .scope S_0119DA00;
T_22 ;
    %wait E_011A3340;
    %load/v 8, v011DA410_0, 1;
    %mov 9, 0, 1;
    %cmpi/u 8, 0, 2;
    %jmp/0xz  T_22.0, 4;
    %load/v 8, v011D9DE0_0, 1;
    %set/v v011D9F40_0, 8, 1;
    %jmp T_22.1;
T_22.0 ;
    %load/v 8, v011DA2B0_0, 1;
    %set/v v011D9F40_0, 8, 1;
T_22.1 ;
    %jmp T_22;
    .thread T_22, $push;
    .scope S_0119CE50;
T_23 ;
    %wait E_011A3240;
    %load/v 8, v011DA3B8_0, 1;
    %mov 9, 0, 1;
    %cmpi/u 8, 0, 2;
    %jmp/0xz  T_23.0, 4;
    %load/v 8, v011DA0F8_0, 1;
    %set/v v011D9EE8_0, 8, 1;
    %jmp T_23.1;
T_23.0 ;
    %load/v 8, v011DA518_0, 1;
    %set/v v011D9EE8_0, 8, 1;
T_23.1 ;
    %jmp T_23;
    .thread T_23, $push;
    .scope S_0119D8F0;
T_24 ;
    %wait E_011A3460;
    %load/v 8, v011DA200_0, 1;
    %mov 9, 0, 1;
    %cmpi/u 8, 0, 2;
    %jmp/0xz  T_24.0, 4;
    %load/v 8, v011DA468_0, 1;
    %set/v v011DA048_0, 8, 1;
    %jmp T_24.1;
T_24.0 ;
    %load/v 8, v011DA0A0_0, 1;
    %set/v v011DA048_0, 8, 1;
T_24.1 ;
    %jmp T_24;
    .thread T_24, $push;
    .scope S_0119D290;
T_25 ;
    %wait E_011A32C0;
    %load/v 8, v011DA4C0_0, 1;
    %mov 9, 0, 1;
    %cmpi/u 8, 0, 2;
    %jmp/0xz  T_25.0, 4;
    %load/v 8, v011DA258_0, 1;
    %set/v v011DA1A8_0, 8, 1;
    %jmp T_25.1;
T_25.0 ;
    %load/v 8, v011D9E90_0, 1;
    %set/v v011DA1A8_0, 8, 1;
T_25.1 ;
    %jmp T_25;
    .thread T_25, $push;
    .scope S_0119D070;
T_26 ;
    %wait E_011A33A0;
    %load/v 8, v011DA150_0, 1;
    %mov 9, 0, 1;
    %cmpi/u 8, 0, 2;
    %jmp/0xz  T_26.0, 4;
    %load/v 8, v011917E0_0, 1;
    %set/v v011D9FF0_0, 8, 1;
    %jmp T_26.1;
T_26.0 ;
    %load/v 8, v011DA360_0, 1;
    %set/v v011D9FF0_0, 8, 1;
T_26.1 ;
    %jmp T_26;
    .thread T_26, $push;
    .scope S_0119CDC8;
T_27 ;
    %wait E_011A3480;
    %load/v 8, v01191730_0, 1;
    %mov 9, 0, 1;
    %cmpi/u 8, 0, 2;
    %jmp/0xz  T_27.0, 4;
    %load/v 8, v01191680_0, 1;
    %set/v v01191788_0, 8, 1;
    %jmp T_27.1;
T_27.0 ;
    %load/v 8, v011916D8_0, 1;
    %set/v v01191788_0, 8, 1;
T_27.1 ;
    %jmp T_27;
    .thread T_27, $push;
    .scope S_0119D978;
T_28 ;
    %wait E_011A3420;
    %load/v 8, v011915D0_0, 1;
    %mov 9, 0, 1;
    %cmpi/u 8, 0, 2;
    %jmp/0xz  T_28.0, 4;
    %load/v 8, v011515F0_0, 1;
    %set/v v01191628_0, 8, 1;
    %jmp T_28.1;
T_28.0 ;
    %load/v 8, v01151648_0, 1;
    %set/v v01191628_0, 8, 1;
T_28.1 ;
    %jmp T_28;
    .thread T_28, $push;
    .scope S_0119D648;
T_29 ;
    %wait E_011A35C0;
    %load/v 8, v01151540_0, 1;
    %mov 9, 0, 1;
    %cmpi/u 8, 0, 2;
    %jmp/0xz  T_29.0, 4;
    %load/v 8, v0115DDC0_0, 1;
    %set/v v01151598_0, 8, 1;
    %jmp T_29.1;
T_29.0 ;
    %load/v 8, v0115DE18_0, 1;
    %set/v v01151598_0, 8, 1;
T_29.1 ;
    %jmp T_29;
    .thread T_29, $push;
    .scope S_0119CED8;
T_30 ;
    %wait E_011A3380;
    %load/v 8, v0115EDF8_0, 1;
    %mov 9, 0, 1;
    %cmpi/u 8, 0, 2;
    %jmp/0xz  T_30.0, 4;
    %load/v 8, v0115ED48_0, 1;
    %set/v v0115DD68_0, 8, 1;
    %jmp T_30.1;
T_30.0 ;
    %load/v 8, v0115EDA0_0, 1;
    %set/v v0115DD68_0, 8, 1;
T_30.1 ;
    %jmp T_30;
    .thread T_30, $push;
    .scope S_0119D758;
T_31 ;
    %vpi_call 2 19 "$dumpfile", "mux32x1str.vcd";
    %vpi_call 2 20 "$dumpvars", 1'sb0, S_0119D758;
    %set/v v011DC8C0_0, 0, 5;
    %movi 8, 1, 32;
    %set/v v011DC868_0, 8, 32;
    %delay 5, 0;
    %vpi_call 2 25 "$display", "Test case 1: sel=%b, a=%b, y=%b", v011DC8C0_0, v011DC868_0, v011DC918_0;
    %movi 8, 1, 5;
    %set/v v011DC8C0_0, 8, 5;
    %movi 8, 2, 32;
    %set/v v011DC868_0, 8, 32;
    %delay 5, 0;
    %vpi_call 2 31 "$display", "Test case 2: sel=%b, a=%b, y=%b", v011DC8C0_0, v011DC868_0, v011DC918_0;
    %movi 8, 2, 5;
    %set/v v011DC8C0_0, 8, 5;
    %movi 8, 4, 32;
    %set/v v011DC868_0, 8, 32;
    %delay 5, 0;
    %vpi_call 2 37 "$display", "Test case 3: sel=%b, a=%b, y=%b", v011DC8C0_0, v011DC868_0, v011DC918_0;
    %movi 8, 3, 5;
    %set/v v011DC8C0_0, 8, 5;
    %movi 8, 8, 32;
    %set/v v011DC868_0, 8, 32;
    %delay 5, 0;
    %vpi_call 2 43 "$display", "Test case 4: sel=%b, a=%b, y=%b", v011DC8C0_0, v011DC868_0, v011DC918_0;
    %set/v v011DC8C0_0, 1, 5;
    %movi 8, 2147483648, 32;
    %set/v v011DC868_0, 8, 32;
    %delay 5, 0;
    %vpi_call 2 49 "$display", "Test case 5: sel=%b, a=%b, y=%b", v011DC8C0_0, v011DC868_0, v011DC918_0;
    %movi 8, 30, 5;
    %set/v v011DC8C0_0, 8, 5;
    %movi 8, 1073741824, 32;
    %set/v v011DC868_0, 8, 32;
    %delay 5, 0;
    %vpi_call 2 55 "$display", "Test case 6: sel=%b, a=%b, y=%b", v011DC8C0_0, v011DC868_0, v011DC918_0;
    %movi 8, 29, 5;
    %set/v v011DC8C0_0, 8, 5;
    %movi 8, 536870912, 32;
    %set/v v011DC868_0, 8, 32;
    %delay 5, 0;
    %vpi_call 2 61 "$display", "Test case 7: sel=%b, a=%b, y=%b", v011DC8C0_0, v011DC868_0, v011DC918_0;
    %movi 8, 28, 5;
    %set/v v011DC8C0_0, 8, 5;
    %movi 8, 268435456, 32;
    %set/v v011DC868_0, 8, 32;
    %delay 5, 0;
    %vpi_call 2 67 "$display", "Test case 8: sel=%b, a=%b, y=%b", v011DC8C0_0, v011DC868_0, v011DC918_0;
    %vpi_call 2 69 "$finish";
    %end;
    .thread T_31;
# The file index is used to find the file name in the following table.
:file_names 4;
    "N/A";
    "<interactive>";
    "mux32to1str_tb.v";
    "./mux32to1str.v";
