#! /c/iverilog/bin/vvp
:ivl_version "0.9.7 " "(v0_9_7)";
:vpi_time_precision + 0;
:vpi_module "system";
:vpi_module "v2005_math";
:vpi_module "va_math";
S_010A59D0 .scope module, "mux32to1str" "mux32to1str" 2 1;
 .timescale 0 0;
v010F2248_0 .net "a", 31 0, C4<zzzzzzzzzzzzzzzzzzzzzzzzzzzzzzzz>; 0 drivers
v010F22A0_0 .net "sel", 4 0, C4<zzzzz>; 0 drivers
v010F22F8_0 .net "w0", 0 0, v010F21F0_0; 1 drivers
v010F20E8_0 .net "w1", 0 0, v010F2090_0; 1 drivers
v010F2140_0 .net "w10", 0 0, v010EC630_0; 1 drivers
v010F2198_0 .net "w11", 0 0, v010ECC08_0; 1 drivers
v010F2350_0 .net "w12", 0 0, v010ECF20_0; 1 drivers
v010F3C88_0 .net "w13", 0 0, v010ECAA8_0; 1 drivers
v010F39C8_0 .net "w14", 0 0, v010EC790_0; 1 drivers
v010F3658_0 .net "w15", 0 0, v010ECDC0_0; 1 drivers
v010F35A8_0 .net "w16", 0 0, v010EC528_0; 1 drivers
v010F3708_0 .net "w17", 0 0, v010EC688_0; 1 drivers
v010F3A20_0 .net "w18", 0 0, v010ED188_0; 1 drivers
v010F3F48_0 .net "w19", 0 0, v010ED2E8_0; 1 drivers
v010F3600_0 .net "w2", 0 0, v010F1850_0; 1 drivers
v010F3D38_0 .net "w20", 0 0, v010ED398_0; 1 drivers
v010F3868_0 .net "w21", 0 0, v010ED3F0_0; 1 drivers
v010F3B28_0 .net "w22", 0 0, v010EC3F8_0; 1 drivers
v010F36B0_0 .net "w23", 0 0, v010EC030_0; 1 drivers
v010F3810_0 .net "w24", 0 0, v010EBFD8_0; 1 drivers
v010F3D90_0 .net "w25", 0 0, v010EBE78_0; 1 drivers
v010F3760_0 .net "w26", 0 0, v010EC240_0; 1 drivers
v010F3A78_0 .net "w27", 0 0, v010B1790_0; 1 drivers
v010F3DE8_0 .net "w28", 0 0, v010B1630_0; 1 drivers
v010F3CE0_0 .net "w29", 0 0, v010B14D0_0; 1 drivers
v010F3FA0_0 .net "w3", 0 0, v010F1F88_0; 1 drivers
v010F3550_0 .net "w4", 0 0, v010F1B10_0; 1 drivers
v010F3C30_0 .net "w5", 0 0, v010F1640_0; 1 drivers
v010F3E98_0 .net "w6", 0 0, v010F1F30_0; 1 drivers
v010F3AD0_0 .net "w7", 0 0, v010F14E0_0; 1 drivers
v010F38C0_0 .net "w8", 0 0, v010F1958_0; 1 drivers
v010F3918_0 .net "w9", 0 0, v010F1538_0; 1 drivers
v010F37B8_0 .net "y", 0 0, v007C1540_0; 1 drivers
L_010F3970 .part C4<zzzzz>, 0, 1;
L_010F3E40 .part C4<zzzzzzzzzzzzzzzzzzzzzzzzzzzzzzzz>, 0, 1;
L_010F3B80 .part C4<zzzzzzzzzzzzzzzzzzzzzzzzzzzzzzzz>, 1, 1;
L_010F3BD8 .part C4<zzzzz>, 0, 1;
L_010F3EF0 .part C4<zzzzzzzzzzzzzzzzzzzzzzzzzzzzzzzz>, 2, 1;
L_010F34F8 .part C4<zzzzzzzzzzzzzzzzzzzzzzzzzzzzzzzz>, 3, 1;
L_010F40A8 .part C4<zzzzz>, 0, 1;
L_010F43C0 .part C4<zzzzzzzzzzzzzzzzzzzzzzzzzzzzzzzz>, 4, 1;
L_010F4418 .part C4<zzzzzzzzzzzzzzzzzzzzzzzzzzzzzzzz>, 5, 1;
L_010F4050 .part C4<zzzzz>, 0, 1;
L_010F4100 .part C4<zzzzzzzzzzzzzzzzzzzzzzzzzzzzzzzz>, 6, 1;
L_010F4158 .part C4<zzzzzzzzzzzzzzzzzzzzzzzzzzzzzzzz>, 7, 1;
L_010F4260 .part C4<zzzzz>, 0, 1;
L_010F4470 .part C4<zzzzzzzzzzzzzzzzzzzzzzzzzzzzzzzz>, 8, 1;
L_010F3FF8 .part C4<zzzzzzzzzzzzzzzzzzzzzzzzzzzzzzzz>, 9, 1;
L_010F41B0 .part C4<zzzzz>, 0, 1;
L_010F4208 .part C4<zzzzzzzzzzzzzzzzzzzzzzzzzzzzzzzz>, 10, 1;
L_010F42B8 .part C4<zzzzzzzzzzzzzzzzzzzzzzzzzzzzzzzz>, 11, 1;
L_010F4310 .part C4<zzzzz>, 0, 1;
L_010F4368 .part C4<zzzzzzzzzzzzzzzzzzzzzzzzzzzzzzzz>, 12, 1;
L_010F4728 .part C4<zzzzzzzzzzzzzzzzzzzzzzzzzzzzzzzz>, 13, 1;
L_010F4938 .part C4<zzzzz>, 0, 1;
L_010F5018 .part C4<zzzzzzzzzzzzzzzzzzzzzzzzzzzzzzzz>, 14, 1;
L_010F4F68 .part C4<zzzzzzzzzzzzzzzzzzzzzzzzzzzzzzzz>, 15, 1;
L_010F4CA8 .part C4<zzzzz>, 0, 1;
L_010F4990 .part C4<zzzzzzzzzzzzzzzzzzzzzzzzzzzzzzzz>, 16, 1;
L_010F4D00 .part C4<zzzzzzzzzzzzzzzzzzzzzzzzzzzzzzzz>, 17, 1;
L_010F4780 .part C4<zzzzz>, 0, 1;
L_010F5178 .part C4<zzzzzzzzzzzzzzzzzzzzzzzzzzzzzzzz>, 18, 1;
L_010F49E8 .part C4<zzzzzzzzzzzzzzzzzzzzzzzzzzzzzzzz>, 19, 1;
L_010F4888 .part C4<zzzzz>, 0, 1;
L_010F4EB8 .part C4<zzzzzzzzzzzzzzzzzzzzzzzzzzzzzzzz>, 20, 1;
L_010F4AF0 .part C4<zzzzzzzzzzzzzzzzzzzzzzzzzzzzzzzz>, 21, 1;
L_010F4A40 .part C4<zzzzz>, 0, 1;
L_010F5070 .part C4<zzzzzzzzzzzzzzzzzzzzzzzzzzzzzzzz>, 22, 1;
L_010F4D58 .part C4<zzzzzzzzzzzzzzzzzzzzzzzzzzzzzzzz>, 23, 1;
L_010F48E0 .part C4<zzzzz>, 0, 1;
L_010F47D8 .part C4<zzzzzzzzzzzzzzzzzzzzzzzzzzzzzzzz>, 24, 1;
L_010F4A98 .part C4<zzzzzzzzzzzzzzzzzzzzzzzzzzzzzzzz>, 25, 1;
L_010F4FC0 .part C4<zzzzz>, 0, 1;
L_010F4BF8 .part C4<zzzzzzzzzzzzzzzzzzzzzzzzzzzzzzzz>, 26, 1;
L_010F51D0 .part C4<zzzzzzzzzzzzzzzzzzzzzzzzzzzzzzzz>, 27, 1;
L_010F50C8 .part C4<zzzzz>, 0, 1;
L_010F5120 .part C4<zzzzzzzzzzzzzzzzzzzzzzzzzzzzzzzz>, 28, 1;
L_010F4B48 .part C4<zzzzzzzzzzzzzzzzzzzzzzzzzzzzzzzz>, 29, 1;
L_010F4BA0 .part C4<zzzzz>, 0, 1;
L_010F4C50 .part C4<zzzzzzzzzzzzzzzzzzzzzzzzzzzzzzzz>, 30, 1;
L_010F4DB0 .part C4<zzzzzzzzzzzzzzzzzzzzzzzzzzzzzzzz>, 31, 1;
L_010F4830 .part C4<zzzzz>, 1, 1;
L_010F4E08 .part C4<zzzzz>, 1, 1;
L_010F4E60 .part C4<zzzzz>, 1, 1;
L_010F4F10 .part C4<zzzzz>, 1, 1;
L_010F5648 .part C4<zzzzz>, 1, 1;
L_010F56A0 .part C4<zzzzz>, 1, 1;
L_010F54E8 .part C4<zzzzz>, 1, 1;
L_010F5330 .part C4<zzzzz>, 1, 1;
L_010F5228 .part C4<zzzzz>, 2, 1;
L_010F5280 .part C4<zzzzz>, 2, 1;
L_010F5438 .part C4<zzzzz>, 2, 1;
L_010F5490 .part C4<zzzzz>, 2, 1;
L_010F52D8 .part C4<zzzzz>, 3, 1;
L_010F5388 .part C4<zzzzz>, 3, 1;
L_010F53E0 .part C4<zzzzz>, 4, 1;
S_010EA760 .scope module, "u_mux0" "mux2to1" 2 4, 2 45, S_010A59D0;
 .timescale 0 0;
v010F2458_0 .net "a", 0 0, L_010F3E40; 1 drivers
v010F2400_0 .net "b", 0 0, L_010F3B80; 1 drivers
v010F2038_0 .net "sel", 0 0, L_010F3970; 1 drivers
v010F21F0_0 .var "y", 0 0;
E_010B61F8 .event edge, v010F2038_0, v010F2458_0, v010F2400_0;
S_010EA100 .scope module, "u_mux1" "mux2to1" 2 5, 2 45, S_010A59D0;
 .timescale 0 0;
v010F18A8_0 .net "a", 0 0, L_010F3EF0; 1 drivers
v010F23A8_0 .net "b", 0 0, L_010F34F8; 1 drivers
v010F1FE0_0 .net "sel", 0 0, L_010F3BD8; 1 drivers
v010F2090_0 .var "y", 0 0;
E_010B6158 .event edge, v010F1FE0_0, v010F18A8_0, v010F23A8_0;
S_010E9FF0 .scope module, "u_mux2" "mux2to1" 2 6, 2 45, S_010A59D0;
 .timescale 0 0;
v010F1BC0_0 .net "a", 0 0, L_010F43C0; 1 drivers
v010F1748_0 .net "b", 0 0, L_010F4418; 1 drivers
v010F17A0_0 .net "sel", 0 0, L_010F40A8; 1 drivers
v010F1850_0 .var "y", 0 0;
E_010B6058 .event edge, v010F17A0_0, v010F1BC0_0, v010F1748_0;
S_010E9EE0 .scope module, "u_mux3" "mux2to1" 2 7, 2 45, S_010A59D0;
 .timescale 0 0;
v010F1CC8_0 .net "a", 0 0, L_010F4100; 1 drivers
v010F1B68_0 .net "b", 0 0, L_010F4158; 1 drivers
v010F1D78_0 .net "sel", 0 0, L_010F4050; 1 drivers
v010F1F88_0 .var "y", 0 0;
E_010B6138 .event edge, v010F1D78_0, v010F1CC8_0, v010F1B68_0;
S_010EA6D8 .scope module, "u_mux4" "mux2to1" 2 8, 2 45, S_010A59D0;
 .timescale 0 0;
v010F1C18_0 .net "a", 0 0, L_010F4470; 1 drivers
v010F16F0_0 .net "b", 0 0, L_010F3FF8; 1 drivers
v010F1D20_0 .net "sel", 0 0, L_010F4260; 1 drivers
v010F1B10_0 .var "y", 0 0;
E_010B6378 .event edge, v010F1D20_0, v010F1C18_0, v010F16F0_0;
S_010EA3A8 .scope module, "u_mux5" "mux2to1" 2 9, 2 45, S_010A59D0;
 .timescale 0 0;
v010F15E8_0 .net "a", 0 0, L_010F4208; 1 drivers
v010F1AB8_0 .net "b", 0 0, L_010F42B8; 1 drivers
v010F1900_0 .net "sel", 0 0, L_010F41B0; 1 drivers
v010F1640_0 .var "y", 0 0;
E_010B6098 .event edge, v010F1900_0, v010F15E8_0, v010F1AB8_0;
S_010E9F68 .scope module, "u_mux6" "mux2to1" 2 10, 2 45, S_010A59D0;
 .timescale 0 0;
v010F1ED8_0 .net "a", 0 0, L_010F4368; 1 drivers
v010F1A60_0 .net "b", 0 0, L_010F4728; 1 drivers
v010F1E80_0 .net "sel", 0 0, L_010F4310; 1 drivers
v010F1F30_0 .var "y", 0 0;
E_010B6178 .event edge, v010F1E80_0, v010F1ED8_0, v010F1A60_0;
S_010E9E58 .scope module, "u_mux7" "mux2to1" 2 11, 2 45, S_010A59D0;
 .timescale 0 0;
v010F17F8_0 .net "a", 0 0, L_010F5018; 1 drivers
v010F1E28_0 .net "b", 0 0, L_010F4F68; 1 drivers
v010F1DD0_0 .net "sel", 0 0, L_010F4938; 1 drivers
v010F14E0_0 .var "y", 0 0;
E_010B6018 .event edge, v010F1DD0_0, v010F17F8_0, v010F1E28_0;
S_010EA980 .scope module, "u_mux8" "mux2to1" 2 12, 2 45, S_010A59D0;
 .timescale 0 0;
v010F1590_0 .net "a", 0 0, L_010F4990; 1 drivers
v010F1A08_0 .net "b", 0 0, L_010F4D00; 1 drivers
v010F19B0_0 .net "sel", 0 0, L_010F4CA8; 1 drivers
v010F1958_0 .var "y", 0 0;
E_010B6398 .event edge, v010F19B0_0, v010F1590_0, v010F1A08_0;
S_010E9DD0 .scope module, "u_mux9" "mux2to1" 2 13, 2 45, S_010A59D0;
 .timescale 0 0;
v010EC948_0 .net "a", 0 0, L_010F5178; 1 drivers
v010F1C70_0 .net "b", 0 0, L_010F49E8; 1 drivers
v010F1698_0 .net "sel", 0 0, L_010F4780; 1 drivers
v010F1538_0 .var "y", 0 0;
E_010B6258 .event edge, v010F1698_0, v010EC948_0, v010F1C70_0;
S_010E9D48 .scope module, "u_mux10" "mux2to1" 2 14, 2 45, S_010A59D0;
 .timescale 0 0;
v010EC840_0 .net "a", 0 0, L_010F4EB8; 1 drivers
v010ECC60_0 .net "b", 0 0, L_010F4AF0; 1 drivers
v010ECCB8_0 .net "sel", 0 0, L_010F4888; 1 drivers
v010EC630_0 .var "y", 0 0;
E_010B62F8 .event edge, v010ECCB8_0, v010EC840_0, v010ECC60_0;
S_010EACB0 .scope module, "u_mux11" "mux2to1" 2 15, 2 45, S_010A59D0;
 .timescale 0 0;
v010ECBB0_0 .net "a", 0 0, L_010F5070; 1 drivers
v010EC898_0 .net "b", 0 0, L_010F4D58; 1 drivers
v010ECF78_0 .net "sel", 0 0, L_010F4A40; 1 drivers
v010ECC08_0 .var "y", 0 0;
E_010B63D8 .event edge, v010ECF78_0, v010ECBB0_0, v010EC898_0;
S_010EA650 .scope module, "u_mux12" "mux2to1" 2 16, 2 45, S_010A59D0;
 .timescale 0 0;
v010ECE70_0 .net "a", 0 0, L_010F47D8; 1 drivers
v010EC4D0_0 .net "b", 0 0, L_010F4A98; 1 drivers
v010EC7E8_0 .net "sel", 0 0, L_010F48E0; 1 drivers
v010ECF20_0 .var "y", 0 0;
E_010B6358 .event edge, v010EC7E8_0, v010ECE70_0, v010EC4D0_0;
S_010EA320 .scope module, "u_mux13" "mux2to1" 2 17, 2 45, S_010A59D0;
 .timescale 0 0;
v010ECE18_0 .net "a", 0 0, L_010F4BF8; 1 drivers
v010ECEC8_0 .net "b", 0 0, L_010F51D0; 1 drivers
v010EC580_0 .net "sel", 0 0, L_010F4FC0; 1 drivers
v010ECAA8_0 .var "y", 0 0;
E_010B60D8 .event edge, v010EC580_0, v010ECE18_0, v010ECEC8_0;
S_010EA5C8 .scope module, "u_mux14" "mux2to1" 2 18, 2 45, S_010A59D0;
 .timescale 0 0;
v010ECA50_0 .net "a", 0 0, L_010F5120; 1 drivers
v010EC6E0_0 .net "b", 0 0, L_010F4B48; 1 drivers
v010EC738_0 .net "sel", 0 0, L_010F50C8; 1 drivers
v010EC790_0 .var "y", 0 0;
E_010B6218 .event edge, v010EC738_0, v010ECA50_0, v010EC6E0_0;
S_010EA210 .scope module, "u_mux15" "mux2to1" 2 19, 2 45, S_010A59D0;
 .timescale 0 0;
v010EC9A0_0 .net "a", 0 0, L_010F4C50; 1 drivers
v010EC8F0_0 .net "b", 0 0, L_010F4DB0; 1 drivers
v010ECB00_0 .net "sel", 0 0, L_010F4BA0; 1 drivers
v010ECDC0_0 .var "y", 0 0;
E_010B5D98 .event edge, v010ECB00_0, v010EC9A0_0, v010EC8F0_0;
S_010EAC28 .scope module, "u_mux16" "mux2to1" 2 22, 2 45, S_010A59D0;
 .timescale 0 0;
v010ECB58_0 .alias "a", 0 0, v010F22F8_0;
v010ECD68_0 .alias "b", 0 0, v010F20E8_0;
v010EC5D8_0 .net "sel", 0 0, L_010F4830; 1 drivers
v010EC528_0 .var "y", 0 0;
E_010B5CD8 .event edge, v010EC5D8_0, v010ECB58_0, v010ECD68_0;
S_010EA078 .scope module, "u_mux17" "mux2to1" 2 23, 2 45, S_010A59D0;
 .timescale 0 0;
v010ED238_0 .alias "a", 0 0, v010F3600_0;
v010ECD10_0 .alias "b", 0 0, v010F3FA0_0;
v010EC9F8_0 .net "sel", 0 0, L_010F4E08; 1 drivers
v010EC688_0 .var "y", 0 0;
E_010B5C38 .event edge, v010EC9F8_0, v010ED238_0, v010ECD10_0;
S_010E9CC0 .scope module, "u_mux18" "mux2to1" 2 24, 2 45, S_010A59D0;
 .timescale 0 0;
v010ED028_0 .alias "a", 0 0, v010F3550_0;
v010ED0D8_0 .alias "b", 0 0, v010F3C30_0;
v010ED1E0_0 .net "sel", 0 0, L_010F4E60; 1 drivers
v010ED188_0 .var "y", 0 0;
E_010B5ED8 .event edge, v010ED1E0_0, v010ED028_0, v010ED0D8_0;
S_010EABA0 .scope module, "u_mux19" "mux2to1" 2 25, 2 45, S_010A59D0;
 .timescale 0 0;
v010ED290_0 .alias "a", 0 0, v010F3E98_0;
v010ECFD0_0 .alias "b", 0 0, v010F3AD0_0;
v010ED080_0 .net "sel", 0 0, L_010F4F10; 1 drivers
v010ED2E8_0 .var "y", 0 0;
E_010B5FB8 .event edge, v010ED080_0, v010ED290_0, v010ECFD0_0;
S_010EAB18 .scope module, "u_mux20" "mux2to1" 2 26, 2 45, S_010A59D0;
 .timescale 0 0;
v010ED130_0 .alias "a", 0 0, v010F38C0_0;
v010ED448_0 .alias "b", 0 0, v010F3918_0;
v010ED340_0 .net "sel", 0 0, L_010F5648; 1 drivers
v010ED398_0 .var "y", 0 0;
E_010B5858 .event edge, v010ED340_0, v010ED130_0, v010ED448_0;
S_010EAA90 .scope module, "u_mux21" "mux2to1" 2 27, 2 45, S_010A59D0;
 .timescale 0 0;
v010EC0E0_0 .alias "a", 0 0, v010F2140_0;
v010EC138_0 .alias "b", 0 0, v010F2198_0;
v010EC190_0 .net "sel", 0 0, L_010F56A0; 1 drivers
v010ED3F0_0 .var "y", 0 0;
E_010B5BD8 .event edge, v010EC190_0, v010EC0E0_0, v010EC138_0;
S_010EA188 .scope module, "u_mux22" "mux2to1" 2 28, 2 45, S_010A59D0;
 .timescale 0 0;
v010EC298_0 .alias "a", 0 0, v010F2350_0;
v010EBDC8_0 .alias "b", 0 0, v010F3C88_0;
v010EC088_0 .net "sel", 0 0, L_010F54E8; 1 drivers
v010EC3F8_0 .var "y", 0 0;
E_010B5958 .event edge, v010EC088_0, v010EC298_0, v010EBDC8_0;
S_010EAA08 .scope module, "u_mux23" "mux2to1" 2 29, 2 45, S_010A59D0;
 .timescale 0 0;
v010EC2F0_0 .alias "a", 0 0, v010F39C8_0;
v010EC348_0 .alias "b", 0 0, v010F3658_0;
v010EC3A0_0 .net "sel", 0 0, L_010F5330; 1 drivers
v010EC030_0 .var "y", 0 0;
E_010B5B98 .event edge, v010EC3A0_0, v010EC2F0_0, v010EC348_0;
S_010EA430 .scope module, "u_mux24" "mux2to1" 2 32, 2 45, S_010A59D0;
 .timescale 0 0;
v010EBED0_0 .alias "a", 0 0, v010F35A8_0;
v010EBD18_0 .alias "b", 0 0, v010F3708_0;
v010EBF28_0 .net "sel", 0 0, L_010F5228; 1 drivers
v010EBFD8_0 .var "y", 0 0;
E_010B5938 .event edge, v010EBF28_0, v010EBED0_0, v010EBD18_0;
S_010EA540 .scope module, "u_mux25" "mux2to1" 2 33, 2 45, S_010A59D0;
 .timescale 0 0;
v010EBF80_0 .alias "a", 0 0, v010F3A20_0;
v010EBE20_0 .alias "b", 0 0, v010F3F48_0;
v010EBD70_0 .net "sel", 0 0, L_010F5280; 1 drivers
v010EBE78_0 .var "y", 0 0;
E_010B6778 .event edge, v010EBD70_0, v010EBF80_0, v010EBE20_0;
S_010EA4B8 .scope module, "u_mux26" "mux2to1" 2 34, 2 45, S_010A59D0;
 .timescale 0 0;
v010B17E8_0 .alias "a", 0 0, v010F3D38_0;
v010EBCC0_0 .alias "b", 0 0, v010F3868_0;
v010EC1E8_0 .net "sel", 0 0, L_010F5438; 1 drivers
v010EC240_0 .var "y", 0 0;
E_010B6558 .event edge, v010EC1E8_0, v010B17E8_0, v010EBCC0_0;
S_010EAD38 .scope module, "u_mux27" "mux2to1" 2 35, 2 45, S_010A59D0;
 .timescale 0 0;
v010B1688_0 .alias "a", 0 0, v010F3B28_0;
v010B16E0_0 .alias "b", 0 0, v010F36B0_0;
v010B1738_0 .net "sel", 0 0, L_010F5490; 1 drivers
v010B1790_0 .var "y", 0 0;
E_010B6738 .event edge, v010B1738_0, v010B1688_0, v010B16E0_0;
S_010EA298 .scope module, "u_mux28" "mux2to1" 2 38, 2 45, S_010A59D0;
 .timescale 0 0;
v010B1528_0 .alias "a", 0 0, v010F3810_0;
v010B1580_0 .alias "b", 0 0, v010F3D90_0;
v010B15D8_0 .net "sel", 0 0, L_010F52D8; 1 drivers
v010B1630_0 .var "y", 0 0;
E_010B6418 .event edge, v010B15D8_0, v010B1528_0, v010B1580_0;
S_010A5AE0 .scope module, "u_mux29" "mux2to1" 2 39, 2 45, S_010A59D0;
 .timescale 0 0;
v007C1598_0 .alias "a", 0 0, v010F3760_0;
v007C15F0_0 .alias "b", 0 0, v010F3A78_0;
v007C1648_0 .net "sel", 0 0, L_010F5388; 1 drivers
v010B14D0_0 .var "y", 0 0;
E_010B66D8 .event edge, v007C1648_0, v007C1598_0, v007C15F0_0;
S_010A5A58 .scope module, "u_mux30" "mux2to1" 2 42, 2 45, S_010A59D0;
 .timescale 0 0;
v007CDD68_0 .alias "a", 0 0, v010F3DE8_0;
v007CDDC0_0 .alias "b", 0 0, v010F3CE0_0;
v007CDE18_0 .net "sel", 0 0, L_010F53E0; 1 drivers
v007C1540_0 .var "y", 0 0;
E_010B6598 .event edge, v007CDE18_0, v007CDD68_0, v007CDDC0_0;
    .scope S_010EA760;
T_0 ;
    %wait E_010B61F8;
    %load/v 8, v010F2038_0, 1;
    %mov 9, 0, 1;
    %cmpi/u 8, 0, 2;
    %jmp/0xz  T_0.0, 4;
    %load/v 8, v010F2458_0, 1;
    %set/v v010F21F0_0, 8, 1;
    %jmp T_0.1;
T_0.0 ;
    %load/v 8, v010F2400_0, 1;
    %set/v v010F21F0_0, 8, 1;
T_0.1 ;
    %jmp T_0;
    .thread T_0, $push;
    .scope S_010EA100;
T_1 ;
    %wait E_010B6158;
    %load/v 8, v010F1FE0_0, 1;
    %mov 9, 0, 1;
    %cmpi/u 8, 0, 2;
    %jmp/0xz  T_1.0, 4;
    %load/v 8, v010F18A8_0, 1;
    %set/v v010F2090_0, 8, 1;
    %jmp T_1.1;
T_1.0 ;
    %load/v 8, v010F23A8_0, 1;
    %set/v v010F2090_0, 8, 1;
T_1.1 ;
    %jmp T_1;
    .thread T_1, $push;
    .scope S_010E9FF0;
T_2 ;
    %wait E_010B6058;
    %load/v 8, v010F17A0_0, 1;
    %mov 9, 0, 1;
    %cmpi/u 8, 0, 2;
    %jmp/0xz  T_2.0, 4;
    %load/v 8, v010F1BC0_0, 1;
    %set/v v010F1850_0, 8, 1;
    %jmp T_2.1;
T_2.0 ;
    %load/v 8, v010F1748_0, 1;
    %set/v v010F1850_0, 8, 1;
T_2.1 ;
    %jmp T_2;
    .thread T_2, $push;
    .scope S_010E9EE0;
T_3 ;
    %wait E_010B6138;
    %load/v 8, v010F1D78_0, 1;
    %mov 9, 0, 1;
    %cmpi/u 8, 0, 2;
    %jmp/0xz  T_3.0, 4;
    %load/v 8, v010F1CC8_0, 1;
    %set/v v010F1F88_0, 8, 1;
    %jmp T_3.1;
T_3.0 ;
    %load/v 8, v010F1B68_0, 1;
    %set/v v010F1F88_0, 8, 1;
T_3.1 ;
    %jmp T_3;
    .thread T_3, $push;
    .scope S_010EA6D8;
T_4 ;
    %wait E_010B6378;
    %load/v 8, v010F1D20_0, 1;
    %mov 9, 0, 1;
    %cmpi/u 8, 0, 2;
    %jmp/0xz  T_4.0, 4;
    %load/v 8, v010F1C18_0, 1;
    %set/v v010F1B10_0, 8, 1;
    %jmp T_4.1;
T_4.0 ;
    %load/v 8, v010F16F0_0, 1;
    %set/v v010F1B10_0, 8, 1;
T_4.1 ;
    %jmp T_4;
    .thread T_4, $push;
    .scope S_010EA3A8;
T_5 ;
    %wait E_010B6098;
    %load/v 8, v010F1900_0, 1;
    %mov 9, 0, 1;
    %cmpi/u 8, 0, 2;
    %jmp/0xz  T_5.0, 4;
    %load/v 8, v010F15E8_0, 1;
    %set/v v010F1640_0, 8, 1;
    %jmp T_5.1;
T_5.0 ;
    %load/v 8, v010F1AB8_0, 1;
    %set/v v010F1640_0, 8, 1;
T_5.1 ;
    %jmp T_5;
    .thread T_5, $push;
    .scope S_010E9F68;
T_6 ;
    %wait E_010B6178;
    %load/v 8, v010F1E80_0, 1;
    %mov 9, 0, 1;
    %cmpi/u 8, 0, 2;
    %jmp/0xz  T_6.0, 4;
    %load/v 8, v010F1ED8_0, 1;
    %set/v v010F1F30_0, 8, 1;
    %jmp T_6.1;
T_6.0 ;
    %load/v 8, v010F1A60_0, 1;
    %set/v v010F1F30_0, 8, 1;
T_6.1 ;
    %jmp T_6;
    .thread T_6, $push;
    .scope S_010E9E58;
T_7 ;
    %wait E_010B6018;
    %load/v 8, v010F1DD0_0, 1;
    %mov 9, 0, 1;
    %cmpi/u 8, 0, 2;
    %jmp/0xz  T_7.0, 4;
    %load/v 8, v010F17F8_0, 1;
    %set/v v010F14E0_0, 8, 1;
    %jmp T_7.1;
T_7.0 ;
    %load/v 8, v010F1E28_0, 1;
    %set/v v010F14E0_0, 8, 1;
T_7.1 ;
    %jmp T_7;
    .thread T_7, $push;
    .scope S_010EA980;
T_8 ;
    %wait E_010B6398;
    %load/v 8, v010F19B0_0, 1;
    %mov 9, 0, 1;
    %cmpi/u 8, 0, 2;
    %jmp/0xz  T_8.0, 4;
    %load/v 8, v010F1590_0, 1;
    %set/v v010F1958_0, 8, 1;
    %jmp T_8.1;
T_8.0 ;
    %load/v 8, v010F1A08_0, 1;
    %set/v v010F1958_0, 8, 1;
T_8.1 ;
    %jmp T_8;
    .thread T_8, $push;
    .scope S_010E9DD0;
T_9 ;
    %wait E_010B6258;
    %load/v 8, v010F1698_0, 1;
    %mov 9, 0, 1;
    %cmpi/u 8, 0, 2;
    %jmp/0xz  T_9.0, 4;
    %load/v 8, v010EC948_0, 1;
    %set/v v010F1538_0, 8, 1;
    %jmp T_9.1;
T_9.0 ;
    %load/v 8, v010F1C70_0, 1;
    %set/v v010F1538_0, 8, 1;
T_9.1 ;
    %jmp T_9;
    .thread T_9, $push;
    .scope S_010E9D48;
T_10 ;
    %wait E_010B62F8;
    %load/v 8, v010ECCB8_0, 1;
    %mov 9, 0, 1;
    %cmpi/u 8, 0, 2;
    %jmp/0xz  T_10.0, 4;
    %load/v 8, v010EC840_0, 1;
    %set/v v010EC630_0, 8, 1;
    %jmp T_10.1;
T_10.0 ;
    %load/v 8, v010ECC60_0, 1;
    %set/v v010EC630_0, 8, 1;
T_10.1 ;
    %jmp T_10;
    .thread T_10, $push;
    .scope S_010EACB0;
T_11 ;
    %wait E_010B63D8;
    %load/v 8, v010ECF78_0, 1;
    %mov 9, 0, 1;
    %cmpi/u 8, 0, 2;
    %jmp/0xz  T_11.0, 4;
    %load/v 8, v010ECBB0_0, 1;
    %set/v v010ECC08_0, 8, 1;
    %jmp T_11.1;
T_11.0 ;
    %load/v 8, v010EC898_0, 1;
    %set/v v010ECC08_0, 8, 1;
T_11.1 ;
    %jmp T_11;
    .thread T_11, $push;
    .scope S_010EA650;
T_12 ;
    %wait E_010B6358;
    %load/v 8, v010EC7E8_0, 1;
    %mov 9, 0, 1;
    %cmpi/u 8, 0, 2;
    %jmp/0xz  T_12.0, 4;
    %load/v 8, v010ECE70_0, 1;
    %set/v v010ECF20_0, 8, 1;
    %jmp T_12.1;
T_12.0 ;
    %load/v 8, v010EC4D0_0, 1;
    %set/v v010ECF20_0, 8, 1;
T_12.1 ;
    %jmp T_12;
    .thread T_12, $push;
    .scope S_010EA320;
T_13 ;
    %wait E_010B60D8;
    %load/v 8, v010EC580_0, 1;
    %mov 9, 0, 1;
    %cmpi/u 8, 0, 2;
    %jmp/0xz  T_13.0, 4;
    %load/v 8, v010ECE18_0, 1;
    %set/v v010ECAA8_0, 8, 1;
    %jmp T_13.1;
T_13.0 ;
    %load/v 8, v010ECEC8_0, 1;
    %set/v v010ECAA8_0, 8, 1;
T_13.1 ;
    %jmp T_13;
    .thread T_13, $push;
    .scope S_010EA5C8;
T_14 ;
    %wait E_010B6218;
    %load/v 8, v010EC738_0, 1;
    %mov 9, 0, 1;
    %cmpi/u 8, 0, 2;
    %jmp/0xz  T_14.0, 4;
    %load/v 8, v010ECA50_0, 1;
    %set/v v010EC790_0, 8, 1;
    %jmp T_14.1;
T_14.0 ;
    %load/v 8, v010EC6E0_0, 1;
    %set/v v010EC790_0, 8, 1;
T_14.1 ;
    %jmp T_14;
    .thread T_14, $push;
    .scope S_010EA210;
T_15 ;
    %wait E_010B5D98;
    %load/v 8, v010ECB00_0, 1;
    %mov 9, 0, 1;
    %cmpi/u 8, 0, 2;
    %jmp/0xz  T_15.0, 4;
    %load/v 8, v010EC9A0_0, 1;
    %set/v v010ECDC0_0, 8, 1;
    %jmp T_15.1;
T_15.0 ;
    %load/v 8, v010EC8F0_0, 1;
    %set/v v010ECDC0_0, 8, 1;
T_15.1 ;
    %jmp T_15;
    .thread T_15, $push;
    .scope S_010EAC28;
T_16 ;
    %wait E_010B5CD8;
    %load/v 8, v010EC5D8_0, 1;
    %mov 9, 0, 1;
    %cmpi/u 8, 0, 2;
    %jmp/0xz  T_16.0, 4;
    %load/v 8, v010ECB58_0, 1;
    %set/v v010EC528_0, 8, 1;
    %jmp T_16.1;
T_16.0 ;
    %load/v 8, v010ECD68_0, 1;
    %set/v v010EC528_0, 8, 1;
T_16.1 ;
    %jmp T_16;
    .thread T_16, $push;
    .scope S_010EA078;
T_17 ;
    %wait E_010B5C38;
    %load/v 8, v010EC9F8_0, 1;
    %mov 9, 0, 1;
    %cmpi/u 8, 0, 2;
    %jmp/0xz  T_17.0, 4;
    %load/v 8, v010ED238_0, 1;
    %set/v v010EC688_0, 8, 1;
    %jmp T_17.1;
T_17.0 ;
    %load/v 8, v010ECD10_0, 1;
    %set/v v010EC688_0, 8, 1;
T_17.1 ;
    %jmp T_17;
    .thread T_17, $push;
    .scope S_010E9CC0;
T_18 ;
    %wait E_010B5ED8;
    %load/v 8, v010ED1E0_0, 1;
    %mov 9, 0, 1;
    %cmpi/u 8, 0, 2;
    %jmp/0xz  T_18.0, 4;
    %load/v 8, v010ED028_0, 1;
    %set/v v010ED188_0, 8, 1;
    %jmp T_18.1;
T_18.0 ;
    %load/v 8, v010ED0D8_0, 1;
    %set/v v010ED188_0, 8, 1;
T_18.1 ;
    %jmp T_18;
    .thread T_18, $push;
    .scope S_010EABA0;
T_19 ;
    %wait E_010B5FB8;
    %load/v 8, v010ED080_0, 1;
    %mov 9, 0, 1;
    %cmpi/u 8, 0, 2;
    %jmp/0xz  T_19.0, 4;
    %load/v 8, v010ED290_0, 1;
    %set/v v010ED2E8_0, 8, 1;
    %jmp T_19.1;
T_19.0 ;
    %load/v 8, v010ECFD0_0, 1;
    %set/v v010ED2E8_0, 8, 1;
T_19.1 ;
    %jmp T_19;
    .thread T_19, $push;
    .scope S_010EAB18;
T_20 ;
    %wait E_010B5858;
    %load/v 8, v010ED340_0, 1;
    %mov 9, 0, 1;
    %cmpi/u 8, 0, 2;
    %jmp/0xz  T_20.0, 4;
    %load/v 8, v010ED130_0, 1;
    %set/v v010ED398_0, 8, 1;
    %jmp T_20.1;
T_20.0 ;
    %load/v 8, v010ED448_0, 1;
    %set/v v010ED398_0, 8, 1;
T_20.1 ;
    %jmp T_20;
    .thread T_20, $push;
    .scope S_010EAA90;
T_21 ;
    %wait E_010B5BD8;
    %load/v 8, v010EC190_0, 1;
    %mov 9, 0, 1;
    %cmpi/u 8, 0, 2;
    %jmp/0xz  T_21.0, 4;
    %load/v 8, v010EC0E0_0, 1;
    %set/v v010ED3F0_0, 8, 1;
    %jmp T_21.1;
T_21.0 ;
    %load/v 8, v010EC138_0, 1;
    %set/v v010ED3F0_0, 8, 1;
T_21.1 ;
    %jmp T_21;
    .thread T_21, $push;
    .scope S_010EA188;
T_22 ;
    %wait E_010B5958;
    %load/v 8, v010EC088_0, 1;
    %mov 9, 0, 1;
    %cmpi/u 8, 0, 2;
    %jmp/0xz  T_22.0, 4;
    %load/v 8, v010EC298_0, 1;
    %set/v v010EC3F8_0, 8, 1;
    %jmp T_22.1;
T_22.0 ;
    %load/v 8, v010EBDC8_0, 1;
    %set/v v010EC3F8_0, 8, 1;
T_22.1 ;
    %jmp T_22;
    .thread T_22, $push;
    .scope S_010EAA08;
T_23 ;
    %wait E_010B5B98;
    %load/v 8, v010EC3A0_0, 1;
    %mov 9, 0, 1;
    %cmpi/u 8, 0, 2;
    %jmp/0xz  T_23.0, 4;
    %load/v 8, v010EC2F0_0, 1;
    %set/v v010EC030_0, 8, 1;
    %jmp T_23.1;
T_23.0 ;
    %load/v 8, v010EC348_0, 1;
    %set/v v010EC030_0, 8, 1;
T_23.1 ;
    %jmp T_23;
    .thread T_23, $push;
    .scope S_010EA430;
T_24 ;
    %wait E_010B5938;
    %load/v 8, v010EBF28_0, 1;
    %mov 9, 0, 1;
    %cmpi/u 8, 0, 2;
    %jmp/0xz  T_24.0, 4;
    %load/v 8, v010EBED0_0, 1;
    %set/v v010EBFD8_0, 8, 1;
    %jmp T_24.1;
T_24.0 ;
    %load/v 8, v010EBD18_0, 1;
    %set/v v010EBFD8_0, 8, 1;
T_24.1 ;
    %jmp T_24;
    .thread T_24, $push;
    .scope S_010EA540;
T_25 ;
    %wait E_010B6778;
    %load/v 8, v010EBD70_0, 1;
    %mov 9, 0, 1;
    %cmpi/u 8, 0, 2;
    %jmp/0xz  T_25.0, 4;
    %load/v 8, v010EBF80_0, 1;
    %set/v v010EBE78_0, 8, 1;
    %jmp T_25.1;
T_25.0 ;
    %load/v 8, v010EBE20_0, 1;
    %set/v v010EBE78_0, 8, 1;
T_25.1 ;
    %jmp T_25;
    .thread T_25, $push;
    .scope S_010EA4B8;
T_26 ;
    %wait E_010B6558;
    %load/v 8, v010EC1E8_0, 1;
    %mov 9, 0, 1;
    %cmpi/u 8, 0, 2;
    %jmp/0xz  T_26.0, 4;
    %load/v 8, v010B17E8_0, 1;
    %set/v v010EC240_0, 8, 1;
    %jmp T_26.1;
T_26.0 ;
    %load/v 8, v010EBCC0_0, 1;
    %set/v v010EC240_0, 8, 1;
T_26.1 ;
    %jmp T_26;
    .thread T_26, $push;
    .scope S_010EAD38;
T_27 ;
    %wait E_010B6738;
    %load/v 8, v010B1738_0, 1;
    %mov 9, 0, 1;
    %cmpi/u 8, 0, 2;
    %jmp/0xz  T_27.0, 4;
    %load/v 8, v010B1688_0, 1;
    %set/v v010B1790_0, 8, 1;
    %jmp T_27.1;
T_27.0 ;
    %load/v 8, v010B16E0_0, 1;
    %set/v v010B1790_0, 8, 1;
T_27.1 ;
    %jmp T_27;
    .thread T_27, $push;
    .scope S_010EA298;
T_28 ;
    %wait E_010B6418;
    %load/v 8, v010B15D8_0, 1;
    %mov 9, 0, 1;
    %cmpi/u 8, 0, 2;
    %jmp/0xz  T_28.0, 4;
    %load/v 8, v010B1528_0, 1;
    %set/v v010B1630_0, 8, 1;
    %jmp T_28.1;
T_28.0 ;
    %load/v 8, v010B1580_0, 1;
    %set/v v010B1630_0, 8, 1;
T_28.1 ;
    %jmp T_28;
    .thread T_28, $push;
    .scope S_010A5AE0;
T_29 ;
    %wait E_010B66D8;
    %load/v 8, v007C1648_0, 1;
    %mov 9, 0, 1;
    %cmpi/u 8, 0, 2;
    %jmp/0xz  T_29.0, 4;
    %load/v 8, v007C1598_0, 1;
    %set/v v010B14D0_0, 8, 1;
    %jmp T_29.1;
T_29.0 ;
    %load/v 8, v007C15F0_0, 1;
    %set/v v010B14D0_0, 8, 1;
T_29.1 ;
    %jmp T_29;
    .thread T_29, $push;
    .scope S_010A5A58;
T_30 ;
    %wait E_010B6598;
    %load/v 8, v007CDE18_0, 1;
    %mov 9, 0, 1;
    %cmpi/u 8, 0, 2;
    %jmp/0xz  T_30.0, 4;
    %load/v 8, v007CDD68_0, 1;
    %set/v v007C1540_0, 8, 1;
    %jmp T_30.1;
T_30.0 ;
    %load/v 8, v007CDDC0_0, 1;
    %set/v v007C1540_0, 8, 1;
T_30.1 ;
    %jmp T_30;
    .thread T_30, $push;
# The file index is used to find the file name in the following table.
:file_names 3;
    "N/A";
    "<interactive>";
    "mux32to1str.v";
